<?xml version="1.0" encoding="UTF-8"?>
<testsuite name="SimpleBankSystemTest" tests="1" skipped="0" failures="0" errors="0" timestamp="2020-11-17T15:27:04" hostname="DESKTOP-54LIO4D" time="0.489">
  <properties/>
  <testcase name="start" classname="SimpleBankSystemTest" time="0.489"/>
  <system-out><![CDATA[?[1;31m
Start test 1?[0m
1. Create an account
2. Log into account
0. Exit
> 1
Your card has been created
Your card number:
4000003067556581
Your card PIN:
2060
1. Create an account
2. Log into account
0. Exit
> 1
Your card has been created
Your card number:
4000000041483366
Your card PIN:
5021
1. Create an account
2. Log into account
0. Exit
> 0
Bye!
?[1;31m
Start test 2?[0m
1. Create an account
2. Log into account
0. Exit
> 1
Your card has been created
Your card number:
4000005764376313
Your card PIN:
8180
1. Create an account
2. Log into account
0. Exit
> 2
Enter your card number:
> 4000005764376313
Enter your PIN:
> 8180
You have successfully logged in!
1. Balance
2. Log out
0. Exit
> 2
1. Create an account
2. Log into account
0. Exit
> 0
Bye!
?[1;31m
Start test 3?[0m
1. Create an account
2. Log into account
0. Exit
> 1
Your card has been created
Your card number:
4000001522686116
Your card PIN:
1181
1. Create an account
2. Log into account
0. Exit
> 2
Enter your card number:
> 4000001522686116
Enter your PIN:
> 4796
Wrong card number or PIN!
1. Create an account
2. Log into account
0. Exit
> 0
Bye!
?[1;31m
Start test 4?[0m
1. Create an account
2. Log into account
0. Exit
> 1
Your card has been created
Your card number:
4000002561870821
Your card PIN:
8312
1. Create an account
2. Log into account
0. Exit
> 2
Enter your card number:
> 400000762488059
Enter your PIN:
> 8312
Wrong card number or PIN!
1. Create an account
2. Log into account
0. Exit
?[1;31m
Start test 5?[0m
1. Create an account
2. Log into account
0. Exit
> 1
Your card has been created
Your card number:
4000005713715461
Your card PIN:
5404
1. Create an account
2. Log into account
0. Exit
> 2
Enter your card number:
> 4000005713715461
Enter your PIN:
> 5404
You have successfully logged in!
1. Balance
2. Log out
0. Exit
> 1
Balance: 0.0
1. Balance
2. Log out
0. Exit
> 0
Bye!
]]></system-out>
  <system-err><![CDATA[]]></system-err>
</testsuite>
